   Build using "D:/HDL/Xilinx/Vivado_HLS/2015.2/msys/bin/g++.exe"
   Compiling apatb_multi_axim.cpp
   Compiling (apcc) multi_axim.c_pre.c.tb.c
@I [LIC-101] Checked out feature [HLS]
@I [HLS-10] Running 'd:/HDL/Xilinx/Vivado_HLS/2015.2/bin/unwrapped/win64.o/apcc.exe'
            for user 'ono' on host 'ono-pc' (Windows NT_amd64 version 6.1) on Wed Sep 16 14:30:18 +0900 2015
            in directory 'D:/Vivado_HLS/ZYBO/multi_axim/solution1/sim/wrapc'
clang: warning: argument unused during compilation: '-fno-builtin-isinf'
clang: warning: argument unused during compilation: '-fno-builtin-isnan'
@I [APCC-3] Tmp directory is apcc_db
@I [APCC-1] APCC is done.
@I [LIC-101] Checked in feature [HLS]
   Compiling (apcc) multi_axim_tb.c_pre.c.tb.c
@I [LIC-101] Checked out feature [HLS]
@I [HLS-10] Running 'd:/HDL/Xilinx/Vivado_HLS/2015.2/bin/unwrapped/win64.o/apcc.exe'
            for user 'ono' on host 'ono-pc' (Windows NT_amd64 version 6.1) on Wed Sep 16 14:30:21 +0900 2015
            in directory 'D:/Vivado_HLS/ZYBO/multi_axim/solution1/sim/wrapc'
clang: warning: argument unused during compilation: '-fno-builtin-isinf'
clang: warning: argument unused during compilation: '-fno-builtin-isnan'
@I [APCC-3] Tmp directory is apcc_db
@I [APCC-1] APCC is done.
@I [LIC-101] Checked in feature [HLS]
   Generating cosim.tv.exe
